<?xml version="1.0" encoding="UTF-8"?>
<coverage generated="1696272070421" clover="3.2.0">
  <project timestamp="1696272070421" name="All files">
    <metrics statements="20" coveredstatements="20" conditionals="1" coveredconditionals="1" methods="5" coveredmethods="5" elements="26" coveredelements="26" complexity="0" loc="20" ncloc="20" packages="1" files="1" classes="1"/>
    <file name="index.ts" path="/Users/andrewpham/Desktop/untitled folder/untitled/school/ACS-3310/gradescope/final-assessment/src/index.ts">
      <metrics statements="20" coveredstatements="20" conditionals="1" coveredconditionals="1" methods="5" coveredmethods="5"/>
      <line num="1" count="1" type="stmt"/>
      <line num="2" count="1" type="stmt"/>
      <line num="3" count="1" type="stmt"/>
      <line num="18" count="1" type="stmt"/>
      <line num="21" count="1" type="stmt"/>
      <line num="22" count="100" type="stmt"/>
      <line num="28" count="1" type="stmt"/>
      <line num="29" count="100" type="stmt"/>
      <line num="31" count="100" type="stmt"/>
      <line num="35" count="1" type="stmt"/>
      <line num="36" count="100" type="stmt"/>
      <line num="38" count="100" type="stmt"/>
      <line num="43" count="1" type="stmt"/>
      <line num="44" count="103" type="stmt"/>
      <line num="45" count="103" type="stmt"/>
      <line num="46" count="103" type="cond" truecount="1" falsecount="0"/>
      <line num="47" count="102" type="stmt"/>
      <line num="49" count="1" type="stmt"/>
      <line num="52" count="1" type="stmt"/>
      <line num="53" count="100" type="stmt"/>
    </file>
  </project>
</coverage>
