{"/Users/andrewpham/Desktop/untitled folder/untitled/school/ACS-3310/gradescope/final-assessment/src/index.ts": {"path":"/Users/andrewpham/Desktop/untitled folder/untitled/school/ACS-3310/gradescope/final-assessment/src/index.ts","statementMap":{"0":{"start":{"line":1,"column":0},"end":{"line":1,"column":38}},"1":{"start":{"line":2,"column":0},"end":{"line":2,"column":35}},"2":{"start":{"line":3,"column":0},"end":{"line":3,"column":35}},"3":{"start":{"line":18,"column":22},"end":{"line":18,"column":30}},"4":{"start":{"line":21,"column":0},"end":{"line":25,"column":3}},"5":{"start":{"line":22,"column":2},"end":{"line":24,"column":4}},"6":{"start":{"line":28,"column":0},"end":{"line":32,"column":3}},"7":{"start":{"line":29,"column":24},"end":{"line":29,"column":45}},"8":{"start":{"line":31,"column":2},"end":{"line":31,"column":85}},"9":{"start":{"line":35,"column":0},"end":{"line":39,"column":3}},"10":{"start":{"line":36,"column":18},"end":{"line":36,"column":41}},"11":{"start":{"line":38,"column":2},"end":{"line":38,"column":30}},"12":{"start":{"line":44,"column":18},"end":{"line":44,"column":56}},"13":{"start":{"line":45,"column":16},"end":{"line":45,"column":56}},"14":{"start":{"line":46,"column":2},"end":{"line":48,"column":null}},"15":{"start":{"line":47,"column":4},"end":{"line":47,"column":51}},"16":{"start":{"line":49,"column":2},"end":{"line":49,"column":14}},"17":{"start":{"line":43,"column":0},"end":{"line":43,"column":24}},"18":{"start":{"line":52,"column":0},"end":{"line":54,"column":3}},"19":{"start":{"line":53,"column":2},"end":{"line":53,"column":45}}},"fnMap":{"0":{"name":"(anonymous_1)","decl":{"start":{"line":21,"column":13},"end":{"line":21,"column":14}},"loc":{"start":{"line":21,"column":22},"end":{"line":25,"column":1}}},"1":{"name":"(anonymous_2)","decl":{"start":{"line":28,"column":13},"end":{"line":28,"column":14}},"loc":{"start":{"line":28,"column":22},"end":{"line":32,"column":1}}},"2":{"name":"(anonymous_3)","decl":{"start":{"line":35,"column":13},"end":{"line":35,"column":14}},"loc":{"start":{"line":35,"column":22},"end":{"line":39,"column":1}}},"3":{"name":"formatPhoneNumber","decl":{"start":{"line":43,"column":24},"end":{"line":43,"column":41}},"loc":{"start":{"line":43,"column":70},"end":{"line":50,"column":1}}},"4":{"name":"(anonymous_5)","decl":{"start":{"line":52,"column":13},"end":{"line":52,"column":14}},"loc":{"start":{"line":52,"column":22},"end":{"line":54,"column":1}}}},"branchMap":{"0":{"loc":{"start":{"line":46,"column":2},"end":{"line":48,"column":null}},"type":"if","locations":[{"start":{"line":46,"column":2},"end":{"line":48,"column":null}}]}},"s":{"0":1,"1":1,"2":1,"3":1,"4":1,"5":100,"6":1,"7":100,"8":100,"9":1,"10":100,"11":100,"12":103,"13":103,"14":103,"15":102,"16":1,"17":1,"18":1,"19":100},"f":{"0":100,"1":100,"2":100,"3":103,"4":100},"b":{"0":[102]}}
}
